Using pre-set license
Built from '2022.3/release' branch; Version is '2022.3.5f1 (9674261d40ee) revision 9860134'; Using compiler version '192829333'; Build Type 'Release'
OS: 'Windows 11  (10.0.22631) 64bit Professional' Language: 'en' Physical Memory: 16309 MB
BatchMode: 1, IsHumanControllingUs: 0, StartBugReporterOnCrash: 0, Is64bit: 1, IsPro: 1

COMMAND LINE ARGUMENTS:
E:\Program Files\Unity\Hub\Editor\2022.3.5f1\Editor\Unity.exe
-adb2
-batchMode
-noUpm
-name
AssetImportWorker2
-projectPath
E:/UnityProjects/EasterJam
-logFile
Logs/AssetImportWorker2.log
-srvPort
61443
Successfully changed project path to: E:/UnityProjects/EasterJam
E:/UnityProjects/EasterJam
[UnityMemory] Configuration Parameters - Can be set up in boot.config
    "memorysetup-bucket-allocator-granularity=16"
    "memorysetup-bucket-allocator-bucket-count=8"
    "memorysetup-bucket-allocator-block-size=33554432"
    "memorysetup-bucket-allocator-block-count=8"
    "memorysetup-main-allocator-block-size=16777216"
    "memorysetup-thread-allocator-block-size=16777216"
    "memorysetup-gfx-main-allocator-block-size=16777216"
    "memorysetup-gfx-thread-allocator-block-size=16777216"
    "memorysetup-cache-allocator-block-size=4194304"
    "memorysetup-typetree-allocator-block-size=2097152"
    "memorysetup-profiler-bucket-allocator-granularity=16"
    "memorysetup-profiler-bucket-allocator-bucket-count=8"
    "memorysetup-profiler-bucket-allocator-block-size=33554432"
    "memorysetup-profiler-bucket-allocator-block-count=8"
    "memorysetup-profiler-allocator-block-size=16777216"
    "memorysetup-profiler-editor-allocator-block-size=1048576"
    "memorysetup-temp-allocator-size-main=16777216"
    "memorysetup-job-temp-allocator-block-size=2097152"
    "memorysetup-job-temp-allocator-block-size-background=1048576"
    "memorysetup-job-temp-allocator-reduction-small-platforms=262144"
    "memorysetup-allocator-temp-initial-block-size-main=262144"
    "memorysetup-allocator-temp-initial-block-size-worker=262144"
    "memorysetup-temp-allocator-size-background-worker=32768"
    "memorysetup-temp-allocator-size-job-worker=262144"
    "memorysetup-temp-allocator-size-preload-manager=33554432"
    "memorysetup-temp-allocator-size-nav-mesh-worker=65536"
    "memorysetup-temp-allocator-size-audio-worker=65536"
    "memorysetup-temp-allocator-size-cloud-worker=32768"
    "memorysetup-temp-allocator-size-gi-baking-worker=262144"
    "memorysetup-temp-allocator-size-gfx=262144"
Player connection [3796] Host "[IP] 192.168.0.218 [Port] 0 [Flags] 2 [Guid] 694255846 [EditorId] 694255846 [Version] 1048832 [Id] WindowsEditor(7,DESKTOP-HVFPI29) [Debug] 1 [PackageName] WindowsEditor [ProjectName] Editor" joined multi-casting on [225.0.0.222:54997]...

Player connection [3796] Host "[IP] 192.168.0.218 [Port] 0 [Flags] 2 [Guid] 694255846 [EditorId] 694255846 [Version] 1048832 [Id] WindowsEditor(7,DESKTOP-HVFPI29) [Debug] 1 [PackageName] WindowsEditor [ProjectName] Editor" joined alternative multi-casting on [225.0.0.222:34997]...

Refreshing native plugins compatible for Editor in 9.30 ms, found 3 plugins.
Preloading 0 native plugins for Editor in 0.00 ms.
Initialize engine version: 2022.3.5f1 (9674261d40ee)
[Subsystems] Discovering subsystems at path E:/Program Files/Unity/Hub/Editor/2022.3.5f1/Editor/Data/Resources/UnitySubsystems
[Subsystems] Discovering subsystems at path E:/UnityProjects/EasterJam/Assets
GfxDevice: creating device client; threaded=0; jobified=0
Direct3D:
    Version:  Direct3D 11.0 [level 11.1]
    Renderer: AMD Radeon RX 6800 (ID=0x73bf)
    Vendor:   ATI
    VRAM:     16338 MB
    Driver:   31.0.24019.1006
Initialize mono
Mono path[0] = 'E:/Program Files/Unity/Hub/Editor/2022.3.5f1/Editor/Data/Managed'
Mono path[1] = 'E:/Program Files/Unity/Hub/Editor/2022.3.5f1/Editor/Data/MonoBleedingEdge/lib/mono/unityjit-win32'
Mono config path = 'E:/Program Files/Unity/Hub/Editor/2022.3.5f1/Editor/Data/MonoBleedingEdge/etc'
Using monoOptions --debugger-agent=transport=dt_socket,embedding=1,server=y,suspend=n,address=127.0.0.1:56852
Begin MonoManager ReloadAssembly
Registering precompiled unity dll's ...
Register platform support module: E:/Program Files/Unity/Hub/Editor/2022.3.5f1/Editor/Data/PlaybackEngines/WebGLSupport/UnityEditor.WebGL.Extensions.dll
Register platform support module: E:/Program Files/Unity/Hub/Editor/2022.3.5f1/Editor/Data/PlaybackEngines/WindowsStandaloneSupport/UnityEditor.WindowsStandalone.Extensions.dll
Registered in 0.004725 seconds.
- Loaded All Assemblies, in  0.271 seconds
Native extension for WindowsStandalone target not found
Native extension for WebGL target not found
Mono: successfully reloaded assembly
- Finished resetting the current domain, in  0.190 seconds
Domain Reload Profiling: 460ms
	BeginReloadAssembly (88ms)
		ExecutionOrderSort (0ms)
		DisableScriptedObjects (0ms)
		BackupInstance (0ms)
		ReleaseScriptingObjects (0ms)
		CreateAndSetChildDomain (1ms)
	RebuildCommonClasses (26ms)
	RebuildNativeTypeToScriptingClass (8ms)
	initialDomainReloadingComplete (39ms)
	LoadAllAssembliesAndSetupDomain (109ms)
		LoadAssemblies (88ms)
		RebuildTransferFunctionScriptingTraits (0ms)
		AnalyzeDomain (106ms)
			TypeCache.Refresh (105ms)
				TypeCache.ScanAssembly (96ms)
			ScanForSourceGeneratedMonoScriptInfo (0ms)
			ResolveRequiredComponents (0ms)
	FinalizeReload (190ms)
		ReleaseScriptCaches (0ms)
		RebuildScriptCaches (0ms)
		SetupLoadedEditorAssemblies (148ms)
			LogAssemblyErrors (0ms)
			InitializePlatformSupportModulesInManaged (6ms)
			SetLoadedEditorAssemblies (3ms)
			RefreshPlugins (0ms)
			BeforeProcessingInitializeOnLoad (1ms)
			ProcessInitializeOnLoadAttributes (101ms)
			ProcessInitializeOnLoadMethodAttributes (35ms)
			AfterProcessingInitializeOnLoad (0ms)
			EditorAssembliesLoaded (0ms)
		ExecutionOrderSort2 (0ms)
		AwakeInstancesAfterBackupRestoration (0ms)
========================================================================
Worker process is ready to serve import requests
Begin MonoManager ReloadAssembly
Symbol file LoadedFromMemory doesn't match image E:\UnityProjects\EasterJam\Library\PackageCache\com.unity.visualscripting@1.8.0\Editor\VisualScripting.Core\Dependencies\YamlDotNet\Unity.VisualScripting.YamlDotNet.dll
Symbol file LoadedFromMemory doesn't match image E:\UnityProjects\EasterJam\Library\PackageCache\com.unity.visualscripting@1.8.0\Editor\VisualScripting.Core\Dependencies\DotNetZip\Unity.VisualScripting.IonicZip.dll
- Loaded All Assemblies, in  0.568 seconds
Refreshing native plugins compatible for Editor in 3.78 ms, found 3 plugins.
Native extension for WindowsStandalone target not found
Native extension for WebGL target not found
Package Manager log level set to [2]
[Package Manager] Server::EnsureServerProcessIsRunning -- launch failed, reason: Unity was launched with the -noUpm command-line argument
[Package Manager] UpmClient::Send -- Unable to send message (not connected to UPM process).
[Package Manager] Cannot connect to Unity Package Manager local server
Mono: successfully reloaded assembly
- Finished resetting the current domain, in  0.484 seconds
Domain Reload Profiling: 1052ms
	BeginReloadAssembly (122ms)
		ExecutionOrderSort (0ms)
		DisableScriptedObjects (5ms)
		BackupInstance (0ms)
		ReleaseScriptingObjects (0ms)
		CreateAndSetChildDomain (17ms)
	RebuildCommonClasses (26ms)
	RebuildNativeTypeToScriptingClass (9ms)
	initialDomainReloadingComplete (31ms)
	LoadAllAssembliesAndSetupDomain (379ms)
		LoadAssemblies (220ms)
		RebuildTransferFunctionScriptingTraits (0ms)
		AnalyzeDomain (233ms)
			TypeCache.Refresh (211ms)
				TypeCache.ScanAssembly (201ms)
			ScanForSourceGeneratedMonoScriptInfo (15ms)
			ResolveRequiredComponents (7ms)
	FinalizeReload (484ms)
		ReleaseScriptCaches (0ms)
		RebuildScriptCaches (0ms)
		SetupLoadedEditorAssemblies (367ms)
			LogAssemblyErrors (0ms)
			InitializePlatformSupportModulesInManaged (5ms)
			SetLoadedEditorAssemblies (2ms)
			RefreshPlugins (0ms)
			BeforeProcessingInitializeOnLoad (50ms)
			ProcessInitializeOnLoadAttributes (253ms)
			ProcessInitializeOnLoadMethodAttributes (54ms)
			AfterProcessingInitializeOnLoad (3ms)
			EditorAssembliesLoaded (0ms)
		ExecutionOrderSort2 (0ms)
		AwakeInstancesAfterBackupRestoration (6ms)
Launched and connected shader compiler UnityShaderCompiler.exe after 0.04 seconds
Refreshing native plugins compatible for Editor in 3.38 ms, found 3 plugins.
Preloading 0 native plugins for Editor in 0.00 ms.
Unloading 4929 Unused Serialized files (Serialized files now loaded: 0)
Unloading 74 unused Assets / (0.8 MB). Loaded Objects now: 5382.
Memory consumption went from 202.2 MB to 201.4 MB.
Total: 3.018500 ms (FindLiveObjects: 0.270900 ms CreateObjectMapping: 0.190500 ms MarkObjects: 2.267400 ms  DeleteObjects: 0.288900 ms)

AssetImportParameters requested are different than current active one (requested -> active):
  custom:container-demuxer-ogg: 62fdf1f143b41e24485cea50d1cbac27 -> 
  custom:video-codec-MediaFoundation-h265: 746d11721c4dcdbdad8f713fa42b33f4 -> 
  custom:video-decoder-ogg-theora: a1e56fd34408186e4bbccfd4996cb3dc -> 
  custom:framework-win-MediaFoundation: 216162199b28c13a410421893ffa2e32 -> 
  custom:CustomObjectIndexerAttribute: a3ef5dd2817f97addfee359851a9dba5 -> 
  custom:container-demuxer-webm: 4f35f7cbe854078d1ac9338744f61a02 -> 
  custom:container-muxer-webm: aa71ff27fc2769a1b78a27578f13a17b -> 
  custom:video-decoder-webm-vp8: 9c59270c3fd7afecdb556c50c9e8de78 -> 
  custom:AudioImporter_EditorPlatform: d09bf68614088b80899f8185d706f6e7 -> 
  custom:video-encoder-webm-vp8: eb34c28f22e8b96e1ab97ce403110664 -> 
  custom:audio-decoder-ogg-vorbis: bf7c407c2cedff20999df2af8eb42d56 -> 
  custom:audio-encoder-webm-vorbis: bf7c407c2cedff20999df2af8eb42d56 -> 
========================================================================
Received Import Request.
  Time since last request: 3207.668049 seconds.
  path: Assets/Animations/mixamo.com.anim
  artifactKey: Guid(cd580a88b8a5846428501cd2c7b3d252) Importer(815301076,1909f56bfc062723c751e8b465ee728b)
Start importing Assets/Animations/mixamo.com.anim using Guid(cd580a88b8a5846428501cd2c7b3d252) Importer(815301076,1909f56bfc062723c751e8b465ee728b)  -> (artifact id: '9efe4063b1ab9e4647efeadba26d4e3b') in 0.010046 seconds
Number of updated asset objects reloaded before import = 0
Number of asset objects unloaded after import = 1
========================================================================
Received Import Request.
  Time since last request: 4.917367 seconds.
  path: Assets/Animations/RunningJump.anim
  artifactKey: Guid(cd580a88b8a5846428501cd2c7b3d252) Importer(815301076,1909f56bfc062723c751e8b465ee728b)
Start importing Assets/Animations/RunningJump.anim using Guid(cd580a88b8a5846428501cd2c7b3d252) Importer(815301076,1909f56bfc062723c751e8b465ee728b)  -> (artifact id: '4728ca70d918f122da69a90fa60e5b84') in 0.005498 seconds
Number of updated asset objects reloaded before import = 0
Number of asset objects unloaded after import = 1
========================================================================
Received Import Request.
  Time since last request: 8.191686 seconds.
  path: Assets/Animations/mixamo.com.anim
  artifactKey: Guid(e0bd4e58f9bf7564eb6c219b8a2cbdea) Importer(815301076,1909f56bfc062723c751e8b465ee728b)
Start importing Assets/Animations/mixamo.com.anim using Guid(e0bd4e58f9bf7564eb6c219b8a2cbdea) Importer(815301076,1909f56bfc062723c751e8b465ee728b)  -> (artifact id: '49f318da8fc9dfbfa6219c30bd2ba143') in 0.002750 seconds
Number of updated asset objects reloaded before import = 0
Number of asset objects unloaded after import = 1
========================================================================
Received Import Request.
  Time since last request: 7.750002 seconds.
  path: Assets/Animations/Horse_Running.anim
  artifactKey: Guid(e0bd4e58f9bf7564eb6c219b8a2cbdea) Importer(815301076,1909f56bfc062723c751e8b465ee728b)
Start importing Assets/Animations/Horse_Running.anim using Guid(e0bd4e58f9bf7564eb6c219b8a2cbdea) Importer(815301076,1909f56bfc062723c751e8b465ee728b)  -> (artifact id: '4bafb69357342d7aebab52867f354cf0') in 0.003074 seconds
Number of updated asset objects reloaded before import = 0
Number of asset objects unloaded after import = 1
========================================================================
Received Import Request.
  Time since last request: 7.506526 seconds.
  path: Assets/Animations/mixamo.com.anim
  artifactKey: Guid(b182c9b18b6ccd841a6086c8be221541) Importer(815301076,1909f56bfc062723c751e8b465ee728b)
Start importing Assets/Animations/mixamo.com.anim using Guid(b182c9b18b6ccd841a6086c8be221541) Importer(815301076,1909f56bfc062723c751e8b465ee728b)  -> (artifact id: 'f0a469c91cae09dd51db67f20fb17992') in 0.005523 seconds
Number of updated asset objects reloaded before import = 0
Number of asset objects unloaded after import = 1
========================================================================
Received Import Request.
  Time since last request: 4.293413 seconds.
  path: Assets/Animations/BunnyRun.anim
  artifactKey: Guid(b182c9b18b6ccd841a6086c8be221541) Importer(815301076,1909f56bfc062723c751e8b465ee728b)
Start importing Assets/Animations/BunnyRun.anim using Guid(b182c9b18b6ccd841a6086c8be221541) Importer(815301076,1909f56bfc062723c751e8b465ee728b)  -> (artifact id: '43b46fc62f70873d074693f1dd0bf766') in 0.004515 seconds
Number of updated asset objects reloaded before import = 0
Number of asset objects unloaded after import = 1
========================================================================
Received Import Request.
  Time since last request: 9.543585 seconds.
  path: Assets/Animations/mixamo.com.anim
  artifactKey: Guid(803a5fb1c70c48548be37bb05fd724d2) Importer(815301076,1909f56bfc062723c751e8b465ee728b)
Start importing Assets/Animations/mixamo.com.anim using Guid(803a5fb1c70c48548be37bb05fd724d2) Importer(815301076,1909f56bfc062723c751e8b465ee728b)  -> (artifact id: 'd4a993a71269387c5d4bb7e99accea24') in 0.003477 seconds
Number of updated asset objects reloaded before import = 0
Number of asset objects unloaded after import = 1
========================================================================
Received Import Request.
  Time since last request: 7.518455 seconds.
  path: Assets/Animations/LookBehindRun1.anim
  artifactKey: Guid(803a5fb1c70c48548be37bb05fd724d2) Importer(815301076,1909f56bfc062723c751e8b465ee728b)
Start importing Assets/Animations/LookBehindRun1.anim using Guid(803a5fb1c70c48548be37bb05fd724d2) Importer(815301076,1909f56bfc062723c751e8b465ee728b)  -> (artifact id: '00461e478a11fd16caf79824aaedab7f') in 0.003403 seconds
Number of updated asset objects reloaded before import = 0
Number of asset objects unloaded after import = 1
========================================================================
Received Import Request.
  Time since last request: 3.222996 seconds.
  path: Assets/Animations/mixamo.com.anim
  artifactKey: Guid(79b00d5ef5adfdb469bb0d725f00cfd3) Importer(815301076,1909f56bfc062723c751e8b465ee728b)
Start importing Assets/Animations/mixamo.com.anim using Guid(79b00d5ef5adfdb469bb0d725f00cfd3) Importer(815301076,1909f56bfc062723c751e8b465ee728b)  -> (artifact id: '7f630433def43c9319ae670aa1ed0db7') in 0.004221 seconds
Number of updated asset objects reloaded before import = 0
Number of asset objects unloaded after import = 1
========================================================================
Received Import Request.
  Time since last request: 5.857710 seconds.
  path: Assets/Animations/LookBehindRun2.anim
  artifactKey: Guid(79b00d5ef5adfdb469bb0d725f00cfd3) Importer(815301076,1909f56bfc062723c751e8b465ee728b)
Start importing Assets/Animations/LookBehindRun2.anim using Guid(79b00d5ef5adfdb469bb0d725f00cfd3) Importer(815301076,1909f56bfc062723c751e8b465ee728b)  -> (artifact id: '6b54bc2403bb36f54026a3de2081169f') in 0.003952 seconds
Number of updated asset objects reloaded before import = 0
Number of asset objects unloaded after import = 1
========================================================================
Received Import Request.
  Time since last request: 10.157724 seconds.
  path: Assets/Animations/Anims
  artifactKey: Guid(86bcd1a50d62f3642ac73ec13ed2a233) Importer(815301076,1909f56bfc062723c751e8b465ee728b)
Start importing Assets/Animations/Anims using Guid(86bcd1a50d62f3642ac73ec13ed2a233) Importer(815301076,1909f56bfc062723c751e8b465ee728b)  -> (artifact id: 'cb5782223507c6a3c509ff1cde7f8391') in 0.000380 seconds
Number of updated asset objects reloaded before import = 0
Number of asset objects unloaded after import = 0
========================================================================
Received Import Request.
  Time since last request: 21.066675 seconds.
  path: Assets/Animations/Anims/BunnyController.controller
  artifactKey: Guid(8025108b20ecba4439f49a2705210855) Importer(815301076,1909f56bfc062723c751e8b465ee728b)
Start importing Assets/Animations/Anims/BunnyController.controller using Guid(8025108b20ecba4439f49a2705210855) Importer(815301076,1909f56bfc062723c751e8b465ee728b)  -> (artifact id: '3afc7e36fcae6ce185ee4438cbfda578') in 0.001478 seconds
Number of updated asset objects reloaded before import = 0
Number of asset objects unloaded after import = 1
========================================================================
Received Import Request.
  Time since last request: 21.864926 seconds.
  path: Assets/Saurabh_Studio
  artifactKey: Guid(6ad9cbf6e9329194ab876cc64ae079ff) Importer(815301076,1909f56bfc062723c751e8b465ee728b)
Start importing Assets/Saurabh_Studio using Guid(6ad9cbf6e9329194ab876cc64ae079ff) Importer(815301076,1909f56bfc062723c751e8b465ee728b)  -> (artifact id: 'a8873243d9ff72a7d9292b9313a4838a') in 0.000330 seconds
Number of updated asset objects reloaded before import = 0
Number of asset objects unloaded after import = 0
========================================================================
Received Import Request.
  Time since last request: 0.302192 seconds.
  path: Assets/Prefabs/Tree.fbx
  artifactKey: Guid(47ee71be77b795444bbff13c259afbfc) Importer(815301076,1909f56bfc062723c751e8b465ee728b)
Start importing Assets/Prefabs/Tree.fbx using Guid(47ee71be77b795444bbff13c259afbfc) Importer(815301076,1909f56bfc062723c751e8b465ee728b)  -> (artifact id: 'b817709090ce3cd9b1e53a2317b9438e') in 0.001600 seconds
Number of updated asset objects reloaded before import = 0
Number of asset objects unloaded after import = 10
========================================================================
Received Import Request.
  Time since last request: 7.045154 seconds.
  path: Assets/Prefabs/Rabbit.prefab
  artifactKey: Guid(d6cac9def685a1a4fb28737485be377d) Importer(815301076,1909f56bfc062723c751e8b465ee728b)
Start importing Assets/Prefabs/Rabbit.prefab using Guid(d6cac9def685a1a4fb28737485be377d) Importer(815301076,1909f56bfc062723c751e8b465ee728b)  -> (artifact id: '85d131aa29ed4c3f2a9b2fff546eda35') in 0.001849 seconds
Number of updated asset objects reloaded before import = 0
Number of asset objects unloaded after import = 9
========================================================================
Received Import Request.
  Time since last request: 3.909845 seconds.
  path: Assets/Prefabs/Rabbit.prefab
  artifactKey: Guid(d6cac9def685a1a4fb28737485be377d) Importer(815301076,1909f56bfc062723c751e8b465ee728b)
Start importing Assets/Prefabs/Rabbit.prefab using Guid(d6cac9def685a1a4fb28737485be377d) Importer(815301076,1909f56bfc062723c751e8b465ee728b)  -> (artifact id: '909fc44c0a8924e6a26ba5dc2f68ff51') in 0.000864 seconds
Number of updated asset objects reloaded before import = 0
Number of asset objects unloaded after import = 9
========================================================================
Received Import Request.
  Time since last request: 58.777095 seconds.
  path: Assets/Bunny.fbx
  artifactKey: Guid(0037770ac38ac904a9014dbde8f78da7) Importer(815301076,1909f56bfc062723c751e8b465ee728b)
Start importing Assets/Bunny.fbx using Guid(0037770ac38ac904a9014dbde8f78da7) Importer(815301076,1909f56bfc062723c751e8b465ee728b)  -> (artifact id: '3e5ebb0035758f059220e57cbe3a0788') in 0.001324 seconds
Number of updated asset objects reloaded before import = 0
Number of asset objects unloaded after import = 7
========================================================================
Received Import Request.
  Time since last request: 57.477284 seconds.
  path: Assets/Character201_Bunny_FBX
  artifactKey: Guid(d5276529ff0dd294abde6b41873574dc) Importer(815301076,1909f56bfc062723c751e8b465ee728b)
Start importing Assets/Character201_Bunny_FBX using Guid(d5276529ff0dd294abde6b41873574dc) Importer(815301076,1909f56bfc062723c751e8b465ee728b)  -> (artifact id: 'b3f9feb3ee84ee107b099ec6fd8abbfe') in 0.000397 seconds
Number of updated asset objects reloaded before import = 0
Number of asset objects unloaded after import = 0
========================================================================
Received Import Request.
  Time since last request: 1.535263 seconds.
  path: Assets/Character201_Bunny_FBX/Bunny.fbx
  artifactKey: Guid(e6a3fb33296bd6e49bd86d85cf312c32) Importer(815301076,1909f56bfc062723c751e8b465ee728b)
Start importing Assets/Character201_Bunny_FBX/Bunny.fbx using Guid(e6a3fb33296bd6e49bd86d85cf312c32) Importer(815301076,1909f56bfc062723c751e8b465ee728b)  -> (artifact id: '98b750a7c5ef5912ed9864b058009571') in 0.001494 seconds
Number of updated asset objects reloaded before import = 0
Number of asset objects unloaded after import = 7
========================================================================
Received Import Request.
  Time since last request: 0.000012 seconds.
  path: Assets/Character201_Bunny_FBX/Bunny_Roughtness.png
  artifactKey: Guid(0fe567a89d74411499a9b26bf0f120b4) Importer(815301076,1909f56bfc062723c751e8b465ee728b)
Start importing Assets/Character201_Bunny_FBX/Bunny_Roughtness.png using Guid(0fe567a89d74411499a9b26bf0f120b4) Importer(815301076,1909f56bfc062723c751e8b465ee728b)  -> (artifact id: 'ff2669939c39fe93a96ba8fe46d302ad') in 0.002489 seconds
Number of updated asset objects reloaded before import = 0
Number of asset objects unloaded after import = 1
========================================================================
Received Prepare
Begin MonoManager ReloadAssembly
Symbol file LoadedFromMemory doesn't match image E:\UnityProjects\EasterJam\Library\PackageCache\com.unity.visualscripting@1.8.0\Editor\VisualScripting.Core\Dependencies\YamlDotNet\Unity.VisualScripting.YamlDotNet.dll
Symbol file LoadedFromMemory doesn't match image E:\UnityProjects\EasterJam\Library\PackageCache\com.unity.visualscripting@1.8.0\Editor\VisualScripting.Core\Dependencies\DotNetZip\Unity.VisualScripting.IonicZip.dll
- Loaded All Assemblies, in  0.550 seconds
Refreshing native plugins compatible for Editor in 3.39 ms, found 3 plugins.
Native extension for WindowsStandalone target not found
Native extension for WebGL target not found
[Package Manager] Server::EnsureServerProcessIsRunning -- launch failed, reason: Unity was launched with the -noUpm command-line argument
[Package Manager] UpmClient::Send -- Unable to send message (not connected to UPM process).
[Package Manager] Cannot connect to Unity Package Manager local server
Mono: successfully reloaded assembly
- Finished resetting the current domain, in  1.024 seconds
Domain Reload Profiling: 1574ms
	BeginReloadAssembly (141ms)
		ExecutionOrderSort (0ms)
		DisableScriptedObjects (3ms)
		BackupInstance (0ms)
		ReleaseScriptingObjects (0ms)
		CreateAndSetChildDomain (33ms)
	RebuildCommonClasses (25ms)
	RebuildNativeTypeToScriptingClass (9ms)
	initialDomainReloadingComplete (22ms)
	LoadAllAssembliesAndSetupDomain (353ms)
		LoadAssemblies (218ms)
		RebuildTransferFunctionScriptingTraits (0ms)
		AnalyzeDomain (213ms)
			TypeCache.Refresh (206ms)
				TypeCache.ScanAssembly (197ms)
			ScanForSourceGeneratedMonoScriptInfo (0ms)
			ResolveRequiredComponents (7ms)
	FinalizeReload (1025ms)
		ReleaseScriptCaches (0ms)
		RebuildScriptCaches (0ms)
		SetupLoadedEditorAssemblies (362ms)
			LogAssemblyErrors (0ms)
			InitializePlatformSupportModulesInManaged (5ms)
			SetLoadedEditorAssemblies (2ms)
			RefreshPlugins (0ms)
			BeforeProcessingInitializeOnLoad (52ms)
			ProcessInitializeOnLoadAttributes (244ms)
			ProcessInitializeOnLoadMethodAttributes (58ms)
			AfterProcessingInitializeOnLoad (2ms)
			EditorAssembliesLoaded (0ms)
		ExecutionOrderSort2 (0ms)
		AwakeInstancesAfterBackupRestoration (16ms)
Refreshing native plugins compatible for Editor in 3.61 ms, found 3 plugins.
Preloading 0 native plugins for Editor in 0.00 ms.
Unloading 4772 Unused Serialized files (Serialized files now loaded: 0)
Unloading 49 unused Assets / (0.7 MB). Loaded Objects now: 5388.
Memory consumption went from 175.2 MB to 174.5 MB.
Total: 2.985100 ms (FindLiveObjects: 0.265900 ms CreateObjectMapping: 0.163900 ms MarkObjects: 2.275400 ms  DeleteObjects: 0.278900 ms)

Prepare: number of updated asset objects reloaded= 0
AssetImportParameters requested are different than current active one (requested -> active):
  custom:container-demuxer-ogg: 62fdf1f143b41e24485cea50d1cbac27 -> 
  custom:video-codec-MediaFoundation-h265: 746d11721c4dcdbdad8f713fa42b33f4 -> 
  custom:video-decoder-ogg-theora: a1e56fd34408186e4bbccfd4996cb3dc -> 
  custom:framework-win-MediaFoundation: 216162199b28c13a410421893ffa2e32 -> 
  custom:CustomObjectIndexerAttribute: a3ef5dd2817f97addfee359851a9dba5 -> 
  custom:container-demuxer-webm: 4f35f7cbe854078d1ac9338744f61a02 -> 
  custom:container-muxer-webm: aa71ff27fc2769a1b78a27578f13a17b -> 
  custom:video-decoder-webm-vp8: 9c59270c3fd7afecdb556c50c9e8de78 -> 
  custom:AudioImporter_EditorPlatform: d09bf68614088b80899f8185d706f6e7 -> 
  custom:video-encoder-webm-vp8: eb34c28f22e8b96e1ab97ce403110664 -> 
  custom:audio-decoder-ogg-vorbis: bf7c407c2cedff20999df2af8eb42d56 -> 
  custom:audio-encoder-webm-vorbis: bf7c407c2cedff20999df2af8eb42d56 -> 
========================================================================
Received Prepare
Begin MonoManager ReloadAssembly
Symbol file LoadedFromMemory doesn't match image E:\UnityProjects\EasterJam\Library\PackageCache\com.unity.visualscripting@1.8.0\Editor\VisualScripting.Core\Dependencies\YamlDotNet\Unity.VisualScripting.YamlDotNet.dll
Symbol file LoadedFromMemory doesn't match image E:\UnityProjects\EasterJam\Library\PackageCache\com.unity.visualscripting@1.8.0\Editor\VisualScripting.Core\Dependencies\DotNetZip\Unity.VisualScripting.IonicZip.dll
- Loaded All Assemblies, in  0.541 seconds
Refreshing native plugins compatible for Editor in 3.78 ms, found 3 plugins.
Native extension for WindowsStandalone target not found
Native extension for WebGL target not found
[Package Manager] Server::EnsureServerProcessIsRunning -- launch failed, reason: Unity was launched with the -noUpm command-line argument
[Package Manager] UpmClient::Send -- Unable to send message (not connected to UPM process).
[Package Manager] Cannot connect to Unity Package Manager local server
Mono: successfully reloaded assembly
- Finished resetting the current domain, in  1.046 seconds
Domain Reload Profiling: 1587ms
	BeginReloadAssembly (141ms)
		ExecutionOrderSort (0ms)
		DisableScriptedObjects (3ms)
		BackupInstance (0ms)
		ReleaseScriptingObjects (0ms)
		CreateAndSetChildDomain (33ms)
	RebuildCommonClasses (27ms)
	RebuildNativeTypeToScriptingClass (9ms)
	initialDomainReloadingComplete (21ms)
	LoadAllAssembliesAndSetupDomain (343ms)
		LoadAssemblies (219ms)
		RebuildTransferFunctionScriptingTraits (0ms)
		AnalyzeDomain (203ms)
			TypeCache.Refresh (196ms)
				TypeCache.ScanAssembly (186ms)
			ScanForSourceGeneratedMonoScriptInfo (0ms)
			ResolveRequiredComponents (7ms)
	FinalizeReload (1046ms)
		ReleaseScriptCaches (0ms)
		RebuildScriptCaches (0ms)
		SetupLoadedEditorAssemblies (375ms)
			LogAssemblyErrors (0ms)
			InitializePlatformSupportModulesInManaged (5ms)
			SetLoadedEditorAssemblies (2ms)
			RefreshPlugins (0ms)
			BeforeProcessingInitializeOnLoad (55ms)
			ProcessInitializeOnLoadAttributes (254ms)
			ProcessInitializeOnLoadMethodAttributes (57ms)
			AfterProcessingInitializeOnLoad (2ms)
			EditorAssembliesLoaded (0ms)
		ExecutionOrderSort2 (0ms)
		AwakeInstancesAfterBackupRestoration (17ms)
Refreshing native plugins compatible for Editor in 4.21 ms, found 3 plugins.
Preloading 0 native plugins for Editor in 0.00 ms.
Unloading 4772 Unused Serialized files (Serialized files now loaded: 0)
Unloading 49 unused Assets / (0.7 MB). Loaded Objects now: 5392.
Memory consumption went from 175.2 MB to 174.5 MB.
Total: 3.380000 ms (FindLiveObjects: 0.340700 ms CreateObjectMapping: 0.302200 ms MarkObjects: 2.470000 ms  DeleteObjects: 0.266100 ms)

Prepare: number of updated asset objects reloaded= 0
AssetImportParameters requested are different than current active one (requested -> active):
  custom:container-demuxer-ogg: 62fdf1f143b41e24485cea50d1cbac27 -> 
  custom:video-codec-MediaFoundation-h265: 746d11721c4dcdbdad8f713fa42b33f4 -> 
  custom:video-decoder-ogg-theora: a1e56fd34408186e4bbccfd4996cb3dc -> 
  custom:framework-win-MediaFoundation: 216162199b28c13a410421893ffa2e32 -> 
  custom:CustomObjectIndexerAttribute: a3ef5dd2817f97addfee359851a9dba5 -> 
  custom:container-demuxer-webm: 4f35f7cbe854078d1ac9338744f61a02 -> 
  custom:container-muxer-webm: aa71ff27fc2769a1b78a27578f13a17b -> 
  custom:video-decoder-webm-vp8: 9c59270c3fd7afecdb556c50c9e8de78 -> 
  custom:AudioImporter_EditorPlatform: d09bf68614088b80899f8185d706f6e7 -> 
  custom:video-encoder-webm-vp8: eb34c28f22e8b96e1ab97ce403110664 -> 
  custom:audio-decoder-ogg-vorbis: bf7c407c2cedff20999df2af8eb42d56 -> 
  custom:audio-encoder-webm-vorbis: bf7c407c2cedff20999df2af8eb42d56 -> 
========================================================================
Received Prepare
Begin MonoManager ReloadAssembly
Symbol file LoadedFromMemory doesn't match image E:\UnityProjects\EasterJam\Library\PackageCache\com.unity.visualscripting@1.8.0\Editor\VisualScripting.Core\Dependencies\YamlDotNet\Unity.VisualScripting.YamlDotNet.dll
Symbol file LoadedFromMemory doesn't match image E:\UnityProjects\EasterJam\Library\PackageCache\com.unity.visualscripting@1.8.0\Editor\VisualScripting.Core\Dependencies\DotNetZip\Unity.VisualScripting.IonicZip.dll
- Loaded All Assemblies, in  0.545 seconds
Refreshing native plugins compatible for Editor in 3.50 ms, found 3 plugins.
Native extension for WindowsStandalone target not found
Native extension for WebGL target not found
[Package Manager] Server::EnsureServerProcessIsRunning -- launch failed, reason: Unity was launched with the -noUpm command-line argument
[Package Manager] UpmClient::Send -- Unable to send message (not connected to UPM process).
[Package Manager] Cannot connect to Unity Package Manager local server
Mono: successfully reloaded assembly
- Finished resetting the current domain, in  1.076 seconds
Domain Reload Profiling: 1620ms
	BeginReloadAssembly (143ms)
		ExecutionOrderSort (0ms)
		DisableScriptedObjects (3ms)
		BackupInstance (0ms)
		ReleaseScriptingObjects (0ms)
		CreateAndSetChildDomain (34ms)
	RebuildCommonClasses (27ms)
	RebuildNativeTypeToScriptingClass (8ms)
	initialDomainReloadingComplete (21ms)
	LoadAllAssembliesAndSetupDomain (345ms)
		LoadAssemblies (217ms)
		RebuildTransferFunctionScriptingTraits (0ms)
		AnalyzeDomain (208ms)
			TypeCache.Refresh (200ms)
				TypeCache.ScanAssembly (191ms)
			ScanForSourceGeneratedMonoScriptInfo (0ms)
			ResolveRequiredComponents (7ms)
	FinalizeReload (1076ms)
		ReleaseScriptCaches (0ms)
		RebuildScriptCaches (0ms)
		SetupLoadedEditorAssemblies (386ms)
			LogAssemblyErrors (0ms)
			InitializePlatformSupportModulesInManaged (6ms)
			SetLoadedEditorAssemblies (2ms)
			RefreshPlugins (0ms)
			BeforeProcessingInitializeOnLoad (60ms)
			ProcessInitializeOnLoadAttributes (260ms)
			ProcessInitializeOnLoadMethodAttributes (56ms)
			AfterProcessingInitializeOnLoad (2ms)
			EditorAssembliesLoaded (0ms)
		ExecutionOrderSort2 (0ms)
		AwakeInstancesAfterBackupRestoration (22ms)
Refreshing native plugins compatible for Editor in 4.16 ms, found 3 plugins.
Preloading 0 native plugins for Editor in 0.00 ms.
Unloading 4772 Unused Serialized files (Serialized files now loaded: 0)
Unloading 49 unused Assets / (0.7 MB). Loaded Objects now: 5396.
Memory consumption went from 175.2 MB to 174.5 MB.
Total: 3.181100 ms (FindLiveObjects: 0.294000 ms CreateObjectMapping: 0.191900 ms MarkObjects: 2.405900 ms  DeleteObjects: 0.288400 ms)

Prepare: number of updated asset objects reloaded= 0
AssetImportParameters requested are different than current active one (requested -> active):
  custom:container-demuxer-ogg: 62fdf1f143b41e24485cea50d1cbac27 -> 
  custom:video-codec-MediaFoundation-h265: 746d11721c4dcdbdad8f713fa42b33f4 -> 
  custom:video-decoder-ogg-theora: a1e56fd34408186e4bbccfd4996cb3dc -> 
  custom:framework-win-MediaFoundation: 216162199b28c13a410421893ffa2e32 -> 
  custom:CustomObjectIndexerAttribute: a3ef5dd2817f97addfee359851a9dba5 -> 
  custom:container-demuxer-webm: 4f35f7cbe854078d1ac9338744f61a02 -> 
  custom:container-muxer-webm: aa71ff27fc2769a1b78a27578f13a17b -> 
  custom:video-decoder-webm-vp8: 9c59270c3fd7afecdb556c50c9e8de78 -> 
  custom:AudioImporter_EditorPlatform: d09bf68614088b80899f8185d706f6e7 -> 
  custom:video-encoder-webm-vp8: eb34c28f22e8b96e1ab97ce403110664 -> 
  custom:audio-decoder-ogg-vorbis: bf7c407c2cedff20999df2af8eb42d56 -> 
  custom:audio-encoder-webm-vorbis: bf7c407c2cedff20999df2af8eb42d56 -> 
========================================================================
Received Import Request.
  Time since last request: 506.170582 seconds.
  path: Assets/Animations/Anims/BunnyRun.anim
  artifactKey: Guid(b182c9b18b6ccd841a6086c8be221541) Importer(815301076,1909f56bfc062723c751e8b465ee728b)
Start importing Assets/Animations/Anims/BunnyRun.anim using Guid(b182c9b18b6ccd841a6086c8be221541) Importer(815301076,1909f56bfc062723c751e8b465ee728b)  -> (artifact id: 'ef4f2e0b2e5276753f3539bf47981df1') in 0.021266 seconds
Number of updated asset objects reloaded before import = 0
Number of asset objects unloaded after import = 1
========================================================================
Received Import Request.
  Time since last request: 0.488349 seconds.
  path: Assets/Animations/Anims/BunnyController.controller
  artifactKey: Guid(8025108b20ecba4439f49a2705210855) Importer(815301076,1909f56bfc062723c751e8b465ee728b)
Start importing Assets/Animations/Anims/BunnyController.controller using Guid(8025108b20ecba4439f49a2705210855) Importer(815301076,1909f56bfc062723c751e8b465ee728b)  -> (artifact id: '9a8c3704b80cec1d90f16295efffeda3') in 0.019532 seconds
Number of updated asset objects reloaded before import = 0
Number of asset objects unloaded after import = 4
========================================================================
Received Prepare
Begin MonoManager ReloadAssembly
Symbol file LoadedFromMemory doesn't match image E:\UnityProjects\EasterJam\Library\PackageCache\com.unity.visualscripting@1.8.0\Editor\VisualScripting.Core\Dependencies\YamlDotNet\Unity.VisualScripting.YamlDotNet.dll
Symbol file LoadedFromMemory doesn't match image E:\UnityProjects\EasterJam\Library\PackageCache\com.unity.visualscripting@1.8.0\Editor\VisualScripting.Core\Dependencies\DotNetZip\Unity.VisualScripting.IonicZip.dll
- Loaded All Assemblies, in  0.538 seconds
Refreshing native plugins compatible for Editor in 3.47 ms, found 3 plugins.
Native extension for WindowsStandalone target not found
Native extension for WebGL target not found
[Package Manager] Server::EnsureServerProcessIsRunning -- launch failed, reason: Unity was launched with the -noUpm command-line argument
[Package Manager] UpmClient::Send -- Unable to send message (not connected to UPM process).
[Package Manager] Cannot connect to Unity Package Manager local server
Mono: successfully reloaded assembly
- Finished resetting the current domain, in  1.031 seconds
Domain Reload Profiling: 1569ms
	BeginReloadAssembly (138ms)
		ExecutionOrderSort (0ms)
		DisableScriptedObjects (3ms)
		BackupInstance (0ms)
		ReleaseScriptingObjects (0ms)
		CreateAndSetChildDomain (32ms)
	RebuildCommonClasses (27ms)
	RebuildNativeTypeToScriptingClass (10ms)
	initialDomainReloadingComplete (21ms)
	LoadAllAssembliesAndSetupDomain (341ms)
		LoadAssemblies (215ms)
		RebuildTransferFunctionScriptingTraits (0ms)
		AnalyzeDomain (203ms)
			TypeCache.Refresh (196ms)
				TypeCache.ScanAssembly (186ms)
			ScanForSourceGeneratedMonoScriptInfo (0ms)
			ResolveRequiredComponents (7ms)
	FinalizeReload (1032ms)
		ReleaseScriptCaches (0ms)
		RebuildScriptCaches (0ms)
		SetupLoadedEditorAssemblies (359ms)
			LogAssemblyErrors (0ms)
			InitializePlatformSupportModulesInManaged (5ms)
			SetLoadedEditorAssemblies (2ms)
			RefreshPlugins (0ms)
			BeforeProcessingInitializeOnLoad (57ms)
			ProcessInitializeOnLoadAttributes (241ms)
			ProcessInitializeOnLoadMethodAttributes (52ms)
			AfterProcessingInitializeOnLoad (2ms)
			EditorAssembliesLoaded (0ms)
		ExecutionOrderSort2 (0ms)
		AwakeInstancesAfterBackupRestoration (20ms)
Refreshing native plugins compatible for Editor in 3.49 ms, found 3 plugins.
Preloading 0 native plugins for Editor in 0.00 ms.
Unloading 4772 Unused Serialized files (Serialized files now loaded: 0)
Unloading 49 unused Assets / (0.7 MB). Loaded Objects now: 5400.
Memory consumption went from 175.2 MB to 174.5 MB.
Total: 3.081800 ms (FindLiveObjects: 0.264600 ms CreateObjectMapping: 0.210500 ms MarkObjects: 2.344400 ms  DeleteObjects: 0.261700 ms)

Prepare: number of updated asset objects reloaded= 0
AssetImportParameters requested are different than current active one (requested -> active):
  custom:container-demuxer-ogg: 62fdf1f143b41e24485cea50d1cbac27 -> 
  custom:video-codec-MediaFoundation-h265: 746d11721c4dcdbdad8f713fa42b33f4 -> 
  custom:video-decoder-ogg-theora: a1e56fd34408186e4bbccfd4996cb3dc -> 
  custom:framework-win-MediaFoundation: 216162199b28c13a410421893ffa2e32 -> 
  custom:CustomObjectIndexerAttribute: a3ef5dd2817f97addfee359851a9dba5 -> 
  custom:container-demuxer-webm: 4f35f7cbe854078d1ac9338744f61a02 -> 
  custom:container-muxer-webm: aa71ff27fc2769a1b78a27578f13a17b -> 
  custom:video-decoder-webm-vp8: 9c59270c3fd7afecdb556c50c9e8de78 -> 
  custom:AudioImporter_EditorPlatform: d09bf68614088b80899f8185d706f6e7 -> 
  custom:video-encoder-webm-vp8: eb34c28f22e8b96e1ab97ce403110664 -> 
  custom:audio-decoder-ogg-vorbis: bf7c407c2cedff20999df2af8eb42d56 -> 
  custom:audio-encoder-webm-vorbis: bf7c407c2cedff20999df2af8eb42d56 -> 
========================================================================
Received Import Request.
  Time since last request: 67.348783 seconds.
  path: Assets/Prefabs/Bunny Variant.prefab
  artifactKey: Guid(efd8c12d4c0de9646892107c0536d3ac) Importer(815301076,1909f56bfc062723c751e8b465ee728b)
Start importing Assets/Prefabs/Bunny Variant.prefab using Guid(efd8c12d4c0de9646892107c0536d3ac) Importer(815301076,1909f56bfc062723c751e8b465ee728b)  -> (artifact id: '77e2c79c1c8a858d746a1bc1308a3dd9') in 0.010471 seconds
Number of updated asset objects reloaded before import = 0
Number of asset objects unloaded after import = 140
========================================================================
Received Import Request.
  Time since last request: 10.366600 seconds.
  path: Assets/Saurabh_Studio/Ui button pack 6/white icon/back.png
  artifactKey: Guid(0e945287053a58f4b8c8d9f9f0db03c5) Importer(815301076,1909f56bfc062723c751e8b465ee728b)
Start importing Assets/Saurabh_Studio/Ui button pack 6/white icon/back.png using Guid(0e945287053a58f4b8c8d9f9f0db03c5) Importer(815301076,1909f56bfc062723c751e8b465ee728b)  -> (artifact id: 'a5e4ece08297bc6ca09e6fb1e630a275') in 0.001563 seconds
Number of updated asset objects reloaded before import = 0
Number of asset objects unloaded after import = 2
========================================================================
Received Import Request.
  Time since last request: 0.003003 seconds.
  path: Assets/Saurabh_Studio/Ui button pack 6/gold/BACK-1.png
  artifactKey: Guid(9812ea34887211441a5aa166db6dc9a5) Importer(815301076,1909f56bfc062723c751e8b465ee728b)
Start importing Assets/Saurabh_Studio/Ui button pack 6/gold/BACK-1.png using Guid(9812ea34887211441a5aa166db6dc9a5) Importer(815301076,1909f56bfc062723c751e8b465ee728b)  -> (artifact id: '06eee00e1aea9084eeece37ca88c9ef6') in 0.001315 seconds
Number of updated asset objects reloaded before import = 0
Number of asset objects unloaded after import = 2
========================================================================
Received Import Request.
  Time since last request: 0.005934 seconds.
  path: Assets/Saurabh_Studio/Ui button pack 6/white icon/backward.png
  artifactKey: Guid(6e249bbe6ff7d864888786cab8f51115) Importer(815301076,1909f56bfc062723c751e8b465ee728b)
Start importing Assets/Saurabh_Studio/Ui button pack 6/white icon/backward.png using Guid(6e249bbe6ff7d864888786cab8f51115) Importer(815301076,1909f56bfc062723c751e8b465ee728b)  -> (artifact id: 'f89f99971553d46fd34e656ca6816b65') in 0.001326 seconds
Number of updated asset objects reloaded before import = 0
Number of asset objects unloaded after import = 2
========================================================================
Received Import Request.
  Time since last request: 0.000012 seconds.
  path: Assets/Dynamic Grass FX/Demo/Models/Materials/Beige.mat
  artifactKey: Guid(e2fc0f56cdf248141aa26e0035d12544) Importer(815301076,1909f56bfc062723c751e8b465ee728b)
Start importing Assets/Dynamic Grass FX/Demo/Models/Materials/Beige.mat using Guid(e2fc0f56cdf248141aa26e0035d12544) Importer(815301076,1909f56bfc062723c751e8b465ee728b)  -> (artifact id: 'fcb346dd337049207edf48f6492641a2') in 0.000971 seconds
Number of updated asset objects reloaded before import = 0
Number of asset objects unloaded after import = 1
========================================================================
Received Import Request.
  Time since last request: 0.000011 seconds.
  path: Assets/Dynamic Grass FX/Demo/Models/BigBarn.fbx
  artifactKey: Guid(f486eee104469734e83f5f6c7bc92158) Importer(815301076,1909f56bfc062723c751e8b465ee728b)
Start importing Assets/Dynamic Grass FX/Demo/Models/BigBarn.fbx using Guid(f486eee104469734e83f5f6c7bc92158) Importer(815301076,1909f56bfc062723c751e8b465ee728b)  -> (artifact id: 'b0e15cd3dd9437e133170622b89915c1') in 0.002132 seconds
Number of updated asset objects reloaded before import = 0
Number of asset objects unloaded after import = 28
Editor requested this worker to shutdown with reason: Scaling down because of idle timeout
TcpMessagingSession - receive error: operation aborted. errorcode: 995, details: The I/O operation has been aborted because of either a thread exit or an application request.
AssetImportWorker is now disconnected from the server
Process exiting
Exiting without the bug reporter. Application will terminate with return code 0