Using pre-set license
Built from '2022.3/release' branch; Version is '2022.3.5f1 (9674261d40ee) revision 9860134'; Using compiler version '192829333'; Build Type 'Release'
OS: 'Windows 11  (10.0.22631) 64bit Professional' Language: 'en' Physical Memory: 16309 MB
BatchMode: 1, IsHumanControllingUs: 0, StartBugReporterOnCrash: 0, Is64bit: 1, IsPro: 1

COMMAND LINE ARGUMENTS:
E:\Program Files\Unity\Hub\Editor\2022.3.5f1\Editor\Unity.exe
-adb2
-batchMode
-noUpm
-name
AssetImportWorker0
-projectPath
E:/UnityProjects/EasterJam
-logFile
Logs/AssetImportWorker0.log
-srvPort
60038
Successfully changed project path to: E:/UnityProjects/EasterJam
E:/UnityProjects/EasterJam
[UnityMemory] Configuration Parameters - Can be set up in boot.config
    "memorysetup-bucket-allocator-granularity=16"
    "memorysetup-bucket-allocator-bucket-count=8"
    "memorysetup-bucket-allocator-block-size=33554432"
    "memorysetup-bucket-allocator-block-count=8"
    "memorysetup-main-allocator-block-size=16777216"
    "memorysetup-thread-allocator-block-size=16777216"
    "memorysetup-gfx-main-allocator-block-size=16777216"
    "memorysetup-gfx-thread-allocator-block-size=16777216"
    "memorysetup-cache-allocator-block-size=4194304"
    "memorysetup-typetree-allocator-block-size=2097152"
    "memorysetup-profiler-bucket-allocator-granularity=16"
    "memorysetup-profiler-bucket-allocator-bucket-count=8"
    "memorysetup-profiler-bucket-allocator-block-size=33554432"
    "memorysetup-profiler-bucket-allocator-block-count=8"
    "memorysetup-profiler-allocator-block-size=16777216"
    "memorysetup-profiler-editor-allocator-block-size=1048576"
    "memorysetup-temp-allocator-size-main=16777216"
    "memorysetup-job-temp-allocator-block-size=2097152"
    "memorysetup-job-temp-allocator-block-size-background=1048576"
    "memorysetup-job-temp-allocator-reduction-small-platforms=262144"
    "memorysetup-allocator-temp-initial-block-size-main=262144"
    "memorysetup-allocator-temp-initial-block-size-worker=262144"
    "memorysetup-temp-allocator-size-background-worker=32768"
    "memorysetup-temp-allocator-size-job-worker=262144"
    "memorysetup-temp-allocator-size-preload-manager=33554432"
    "memorysetup-temp-allocator-size-nav-mesh-worker=65536"
    "memorysetup-temp-allocator-size-audio-worker=65536"
    "memorysetup-temp-allocator-size-cloud-worker=32768"
    "memorysetup-temp-allocator-size-gi-baking-worker=262144"
    "memorysetup-temp-allocator-size-gfx=262144"
Player connection [20988] Host "[IP] 192.168.0.218 [Port] 0 [Flags] 2 [Guid] 3756757232 [EditorId] 3756757232 [Version] 1048832 [Id] WindowsEditor(7,DESKTOP-HVFPI29) [Debug] 1 [PackageName] WindowsEditor [ProjectName] Editor" joined multi-casting on [225.0.0.222:54997]...

Player connection [20988] Host "[IP] 192.168.0.218 [Port] 0 [Flags] 2 [Guid] 3756757232 [EditorId] 3756757232 [Version] 1048832 [Id] WindowsEditor(7,DESKTOP-HVFPI29) [Debug] 1 [PackageName] WindowsEditor [ProjectName] Editor" joined alternative multi-casting on [225.0.0.222:34997]...

Refreshing native plugins compatible for Editor in 9.11 ms, found 3 plugins.
Preloading 0 native plugins for Editor in 0.00 ms.
Initialize engine version: 2022.3.5f1 (9674261d40ee)
[Subsystems] Discovering subsystems at path E:/Program Files/Unity/Hub/Editor/2022.3.5f1/Editor/Data/Resources/UnitySubsystems
[Subsystems] Discovering subsystems at path E:/UnityProjects/EasterJam/Assets
GfxDevice: creating device client; threaded=0; jobified=0
Direct3D:
    Version:  Direct3D 11.0 [level 11.1]
    Renderer: AMD Radeon RX 6800 (ID=0x73bf)
    Vendor:   ATI
    VRAM:     16338 MB
    Driver:   31.0.24019.1006
Initialize mono
Mono path[0] = 'E:/Program Files/Unity/Hub/Editor/2022.3.5f1/Editor/Data/Managed'
Mono path[1] = 'E:/Program Files/Unity/Hub/Editor/2022.3.5f1/Editor/Data/MonoBleedingEdge/lib/mono/unityjit-win32'
Mono config path = 'E:/Program Files/Unity/Hub/Editor/2022.3.5f1/Editor/Data/MonoBleedingEdge/etc'
Using monoOptions --debugger-agent=transport=dt_socket,embedding=1,server=y,suspend=n,address=127.0.0.1:56624
Begin MonoManager ReloadAssembly
Registering precompiled unity dll's ...
Register platform support module: E:/Program Files/Unity/Hub/Editor/2022.3.5f1/Editor/Data/PlaybackEngines/WebGLSupport/UnityEditor.WebGL.Extensions.dll
Register platform support module: E:/Program Files/Unity/Hub/Editor/2022.3.5f1/Editor/Data/PlaybackEngines/WindowsStandaloneSupport/UnityEditor.WindowsStandalone.Extensions.dll
Registered in 0.005609 seconds.
- Loaded All Assemblies, in  0.288 seconds
Native extension for WindowsStandalone target not found
Native extension for WebGL target not found
Mono: successfully reloaded assembly
- Finished resetting the current domain, in  0.201 seconds
Domain Reload Profiling: 489ms
	BeginReloadAssembly (97ms)
		ExecutionOrderSort (0ms)
		DisableScriptedObjects (0ms)
		BackupInstance (0ms)
		ReleaseScriptingObjects (0ms)
		CreateAndSetChildDomain (1ms)
	RebuildCommonClasses (27ms)
	RebuildNativeTypeToScriptingClass (8ms)
	initialDomainReloadingComplete (41ms)
	LoadAllAssembliesAndSetupDomain (115ms)
		LoadAssemblies (98ms)
		RebuildTransferFunctionScriptingTraits (0ms)
		AnalyzeDomain (112ms)
			TypeCache.Refresh (111ms)
				TypeCache.ScanAssembly (102ms)
			ScanForSourceGeneratedMonoScriptInfo (0ms)
			ResolveRequiredComponents (0ms)
	FinalizeReload (201ms)
		ReleaseScriptCaches (0ms)
		RebuildScriptCaches (0ms)
		SetupLoadedEditorAssemblies (156ms)
			LogAssemblyErrors (0ms)
			InitializePlatformSupportModulesInManaged (8ms)
			SetLoadedEditorAssemblies (3ms)
			RefreshPlugins (0ms)
			BeforeProcessingInitializeOnLoad (2ms)
			ProcessInitializeOnLoadAttributes (108ms)
			ProcessInitializeOnLoadMethodAttributes (35ms)
			AfterProcessingInitializeOnLoad (0ms)
			EditorAssembliesLoaded (0ms)
		ExecutionOrderSort2 (0ms)
		AwakeInstancesAfterBackupRestoration (0ms)
========================================================================
Worker process is ready to serve import requests
Begin MonoManager ReloadAssembly
Symbol file LoadedFromMemory doesn't match image E:\UnityProjects\EasterJam\Library\PackageCache\com.unity.visualscripting@1.8.0\Editor\VisualScripting.Core\Dependencies\YamlDotNet\Unity.VisualScripting.YamlDotNet.dll
Symbol file LoadedFromMemory doesn't match image E:\UnityProjects\EasterJam\Library\PackageCache\com.unity.visualscripting@1.8.0\Editor\VisualScripting.Core\Dependencies\DotNetZip\Unity.VisualScripting.IonicZip.dll
- Loaded All Assemblies, in  0.657 seconds
Refreshing native plugins compatible for Editor in 3.33 ms, found 3 plugins.
Native extension for WindowsStandalone target not found
Native extension for WebGL target not found
Package Manager log level set to [2]
[Package Manager] Server::EnsureServerProcessIsRunning -- launch failed, reason: Unity was launched with the -noUpm command-line argument
[Package Manager] UpmClient::Send -- Unable to send message (not connected to UPM process).
[Package Manager] Cannot connect to Unity Package Manager local server
Mono: successfully reloaded assembly
- Finished resetting the current domain, in  0.537 seconds
Domain Reload Profiling: 1194ms
	BeginReloadAssembly (140ms)
		ExecutionOrderSort (0ms)
		DisableScriptedObjects (5ms)
		BackupInstance (0ms)
		ReleaseScriptingObjects (0ms)
		CreateAndSetChildDomain (19ms)
	RebuildCommonClasses (29ms)
	RebuildNativeTypeToScriptingClass (11ms)
	initialDomainReloadingComplete (34ms)
	LoadAllAssembliesAndSetupDomain (442ms)
		LoadAssemblies (256ms)
		RebuildTransferFunctionScriptingTraits (0ms)
		AnalyzeDomain (272ms)
			TypeCache.Refresh (244ms)
				TypeCache.ScanAssembly (233ms)
			ScanForSourceGeneratedMonoScriptInfo (20ms)
			ResolveRequiredComponents (9ms)
	FinalizeReload (538ms)
		ReleaseScriptCaches (0ms)
		RebuildScriptCaches (0ms)
		SetupLoadedEditorAssemblies (403ms)
			LogAssemblyErrors (0ms)
			InitializePlatformSupportModulesInManaged (5ms)
			SetLoadedEditorAssemblies (3ms)
			RefreshPlugins (0ms)
			BeforeProcessingInitializeOnLoad (54ms)
			ProcessInitializeOnLoadAttributes (287ms)
			ProcessInitializeOnLoadMethodAttributes (52ms)
			AfterProcessingInitializeOnLoad (2ms)
			EditorAssembliesLoaded (0ms)
		ExecutionOrderSort2 (0ms)
		AwakeInstancesAfterBackupRestoration (6ms)
Launched and connected shader compiler UnityShaderCompiler.exe after 0.06 seconds
Refreshing native plugins compatible for Editor in 3.58 ms, found 3 plugins.
Preloading 0 native plugins for Editor in 0.00 ms.
Unloading 4911 Unused Serialized files (Serialized files now loaded: 0)
Unloading 74 unused Assets / (0.8 MB). Loaded Objects now: 5363.
Memory consumption went from 196.8 MB to 196.0 MB.
Total: 3.003700 ms (FindLiveObjects: 0.298900 ms CreateObjectMapping: 0.106700 ms MarkObjects: 2.238800 ms  DeleteObjects: 0.358400 ms)

AssetImportParameters requested are different than current active one (requested -> active):
  custom:container-demuxer-ogg: 62fdf1f143b41e24485cea50d1cbac27 -> 
  custom:video-codec-MediaFoundation-h265: 746d11721c4dcdbdad8f713fa42b33f4 -> 
  custom:video-decoder-ogg-theora: a1e56fd34408186e4bbccfd4996cb3dc -> 
  custom:framework-win-MediaFoundation: 216162199b28c13a410421893ffa2e32 -> 
  custom:CustomObjectIndexerAttribute: a3ef5dd2817f97addfee359851a9dba5 -> 
  custom:container-demuxer-webm: 4f35f7cbe854078d1ac9338744f61a02 -> 
  custom:container-muxer-webm: aa71ff27fc2769a1b78a27578f13a17b -> 
  custom:video-decoder-webm-vp8: 9c59270c3fd7afecdb556c50c9e8de78 -> 
  custom:AudioImporter_EditorPlatform: d09bf68614088b80899f8185d706f6e7 -> 
  custom:video-encoder-webm-vp8: eb34c28f22e8b96e1ab97ce403110664 -> 
  custom:audio-decoder-ogg-vorbis: bf7c407c2cedff20999df2af8eb42d56 -> 
  custom:audio-encoder-webm-vorbis: bf7c407c2cedff20999df2af8eb42d56 -> 
========================================================================
Received Import Request.
  Time since last request: 10089.838625 seconds.
  path: Assets/PolygonEaster/Prefabs/SM_Easter_Bow_3.prefab
  artifactKey: Guid(9ae0d7fa91baadb43b65f28575c7ec35) Importer(815301076,1909f56bfc062723c751e8b465ee728b)
Start importing Assets/PolygonEaster/Prefabs/SM_Easter_Bow_3.prefab using Guid(9ae0d7fa91baadb43b65f28575c7ec35) Importer(815301076,1909f56bfc062723c751e8b465ee728b)  -> (artifact id: 'a37ad8f952f16142d3993b764812ac1a') in 0.011418 seconds
Number of updated asset objects reloaded before import = 0
Number of asset objects unloaded after import = 6
========================================================================
Received Import Request.
  Time since last request: 0.000025 seconds.
  path: Assets/PolygonEaster/Prefabs/SM_Easter_Egg_9.prefab
  artifactKey: Guid(322e277c2f3db72489c42f40a74cb001) Importer(815301076,1909f56bfc062723c751e8b465ee728b)
Start importing Assets/PolygonEaster/Prefabs/SM_Easter_Egg_9.prefab using Guid(322e277c2f3db72489c42f40a74cb001) Importer(815301076,1909f56bfc062723c751e8b465ee728b)  -> (artifact id: '8e5664ab47f50503d2ee2772928045f9') in 0.001123 seconds
Number of updated asset objects reloaded before import = 0
Number of asset objects unloaded after import = 6
========================================================================
Received Import Request.
  Time since last request: 0.000012 seconds.
  path: Assets/PolygonEaster/Prefabs/SM_Easter_Basket_01.prefab
  artifactKey: Guid(23da08098408d8a46810d57445fc7400) Importer(815301076,1909f56bfc062723c751e8b465ee728b)
Start importing Assets/PolygonEaster/Prefabs/SM_Easter_Basket_01.prefab using Guid(23da08098408d8a46810d57445fc7400) Importer(815301076,1909f56bfc062723c751e8b465ee728b)  -> (artifact id: '951dada79c5802981676017c26369988') in 0.001284 seconds
Number of updated asset objects reloaded before import = 0
Number of asset objects unloaded after import = 6
========================================================================
Received Import Request.
  Time since last request: 0.000010 seconds.
  path: Assets/PolygonEaster/Prefabs/SM_Easter_Egg_10.prefab
  artifactKey: Guid(a9110eefb44ae514d82f980faf1e1433) Importer(815301076,1909f56bfc062723c751e8b465ee728b)
Start importing Assets/PolygonEaster/Prefabs/SM_Easter_Egg_10.prefab using Guid(a9110eefb44ae514d82f980faf1e1433) Importer(815301076,1909f56bfc062723c751e8b465ee728b)  -> (artifact id: 'aa174562fa1ed596c4e61a3618af2cc6') in 0.001010 seconds
Number of updated asset objects reloaded before import = 0
Number of asset objects unloaded after import = 6
========================================================================
Received Import Request.
  Time since last request: 0.000010 seconds.
  path: Assets/PolygonEaster/Prefabs/SM_Easter_Egg_13.prefab
  artifactKey: Guid(fa11134aefe57f54a9a1c02a5c7efe97) Importer(815301076,1909f56bfc062723c751e8b465ee728b)
Start importing Assets/PolygonEaster/Prefabs/SM_Easter_Egg_13.prefab using Guid(fa11134aefe57f54a9a1c02a5c7efe97) Importer(815301076,1909f56bfc062723c751e8b465ee728b)  -> (artifact id: '4873c28911ceffe21c1822eb58454e9a') in 0.001137 seconds
Number of updated asset objects reloaded before import = 0
Number of asset objects unloaded after import = 6
========================================================================
Received Import Request.
  Time since last request: 0.000013 seconds.
  path: Assets/PolygonEaster
  artifactKey: Guid(3eb6f139a472e8540980620019231f43) Importer(815301076,1909f56bfc062723c751e8b465ee728b)
Start importing Assets/PolygonEaster using Guid(3eb6f139a472e8540980620019231f43) Importer(815301076,1909f56bfc062723c751e8b465ee728b)  -> (artifact id: '93dd677041094b1523dcc76fb5f8920c') in 0.000324 seconds
Number of updated asset objects reloaded before import = 0
Number of asset objects unloaded after import = 0
========================================================================
Received Import Request.
  Time since last request: 0.000110 seconds.
  path: Assets/PolygonEaster/Prefabs/SM_Easter_Bow_4.prefab
  artifactKey: Guid(f7abb535a8c1f754fbdf290f3a69b0bf) Importer(815301076,1909f56bfc062723c751e8b465ee728b)
Start importing Assets/PolygonEaster/Prefabs/SM_Easter_Bow_4.prefab using Guid(f7abb535a8c1f754fbdf290f3a69b0bf) Importer(815301076,1909f56bfc062723c751e8b465ee728b)  -> (artifact id: 'c9f913bd2ee91141d7fcb55f0297183f') in 0.001247 seconds
Number of updated asset objects reloaded before import = 0
Number of asset objects unloaded after import = 6
========================================================================
Received Import Request.
  Time since last request: 0.000014 seconds.
  path: Assets/PolygonEaster/Prefabs/SM_Easter_Egg_3.prefab
  artifactKey: Guid(3c6619d94b38abf44b84b65a0c2fbdbb) Importer(815301076,1909f56bfc062723c751e8b465ee728b)
Start importing Assets/PolygonEaster/Prefabs/SM_Easter_Egg_3.prefab using Guid(3c6619d94b38abf44b84b65a0c2fbdbb) Importer(815301076,1909f56bfc062723c751e8b465ee728b)  -> (artifact id: 'c23a18137d84a5043c3eb6829ec8a47b') in 0.001182 seconds
Number of updated asset objects reloaded before import = 0
Number of asset objects unloaded after import = 6
========================================================================
Received Import Request.
  Time since last request: 0.000012 seconds.
  path: Assets/PolygonEaster/Prefabs/SM_Easter_Egg_6.prefab
  artifactKey: Guid(1566b882f57e35d4e9c08c06eeb338ee) Importer(815301076,1909f56bfc062723c751e8b465ee728b)
Start importing Assets/PolygonEaster/Prefabs/SM_Easter_Egg_6.prefab using Guid(1566b882f57e35d4e9c08c06eeb338ee) Importer(815301076,1909f56bfc062723c751e8b465ee728b)  -> (artifact id: 'b91e39defcb4ba257dfb6750d3d179db') in 0.001066 seconds
Number of updated asset objects reloaded before import = 0
Number of asset objects unloaded after import = 6
========================================================================
Received Import Request.
  Time since last request: 0.000012 seconds.
  path: Assets/PolygonEaster/Prefabs/SM_Easter_Egg_2.prefab
  artifactKey: Guid(f8e4ebc6f23680748a872932215a3900) Importer(815301076,1909f56bfc062723c751e8b465ee728b)
Start importing Assets/PolygonEaster/Prefabs/SM_Easter_Egg_2.prefab using Guid(f8e4ebc6f23680748a872932215a3900) Importer(815301076,1909f56bfc062723c751e8b465ee728b)  -> (artifact id: '11b132c89c8cca2861a9ee946d6bbccc') in 0.001663 seconds
Number of updated asset objects reloaded before import = 0
Number of asset objects unloaded after import = 6
========================================================================
Received Import Request.
  Time since last request: 0.000016 seconds.
  path: Assets/PolygonEaster/Prefabs
  artifactKey: Guid(472e4d222fa84c64398e567152f5a399) Importer(815301076,1909f56bfc062723c751e8b465ee728b)
Start importing Assets/PolygonEaster/Prefabs using Guid(472e4d222fa84c64398e567152f5a399) Importer(815301076,1909f56bfc062723c751e8b465ee728b)  -> (artifact id: '6a9a984529da0fc52e823cc0b3d3b0bd') in 0.000340 seconds
Number of updated asset objects reloaded before import = 0
Number of asset objects unloaded after import = 0
========================================================================
Received Import Request.
  Time since last request: 141.530971 seconds.
  path: Assets/PolygonEaster/Models/SM_Easter_Bow_1.fbx
  artifactKey: Guid(614d2d1f7d829af438ddaa51f0c7f10c) Importer(815301076,1909f56bfc062723c751e8b465ee728b)
Start importing Assets/PolygonEaster/Models/SM_Easter_Bow_1.fbx using Guid(614d2d1f7d829af438ddaa51f0c7f10c) Importer(815301076,1909f56bfc062723c751e8b465ee728b)  -> (artifact id: 'bf7e69dc5a3abf4ad93fee89dd3840b9') in 0.001511 seconds
Number of updated asset objects reloaded before import = 0
Number of asset objects unloaded after import = 7
========================================================================
Received Import Request.
  Time since last request: 0.003445 seconds.
  path: Assets/PolygonEaster/Models/SM_Easter_Bow_2.fbx
  artifactKey: Guid(c88894267ffe54743a7457e6c21c758f) Importer(815301076,1909f56bfc062723c751e8b465ee728b)
Start importing Assets/PolygonEaster/Models/SM_Easter_Bow_2.fbx using Guid(c88894267ffe54743a7457e6c21c758f) Importer(815301076,1909f56bfc062723c751e8b465ee728b)  -> (artifact id: '006ecca689cf647d89e553647d4167b9') in 0.001303 seconds
Number of updated asset objects reloaded before import = 0
Number of asset objects unloaded after import = 7
========================================================================
Received Import Request.
  Time since last request: 0.007521 seconds.
  path: Assets/PolygonEaster/Models/SM_Easter_Egg_1.fbx
  artifactKey: Guid(23ee0fa7f164d72408ae537cbca74e4f) Importer(815301076,1909f56bfc062723c751e8b465ee728b)
Start importing Assets/PolygonEaster/Models/SM_Easter_Egg_1.fbx using Guid(23ee0fa7f164d72408ae537cbca74e4f) Importer(815301076,1909f56bfc062723c751e8b465ee728b)  -> (artifact id: '5e451fae20a42fdc7f8f7002178d8119') in 0.001288 seconds
Number of updated asset objects reloaded before import = 0
Number of asset objects unloaded after import = 7
========================================================================
Received Import Request.
  Time since last request: 0.000011 seconds.
  path: Assets/PolygonEaster/Models/SM_Easter_Egg_7.fbx
  artifactKey: Guid(4e09674c5dcd0b8429e0f37e30920b9b) Importer(815301076,1909f56bfc062723c751e8b465ee728b)
Start importing Assets/PolygonEaster/Models/SM_Easter_Egg_7.fbx using Guid(4e09674c5dcd0b8429e0f37e30920b9b) Importer(815301076,1909f56bfc062723c751e8b465ee728b)  -> (artifact id: 'cb2fe9a1ab2c451999ab119def8f2e3b') in 0.001506 seconds
Number of updated asset objects reloaded before import = 0
Number of asset objects unloaded after import = 7
========================================================================
Received Import Request.
  Time since last request: 0.000016 seconds.
  path: Assets/PolygonEaster/Models/SM_Easter_Egg_14.fbx
  artifactKey: Guid(66e59815d8d6be147be656fd5e14f8ee) Importer(815301076,1909f56bfc062723c751e8b465ee728b)
Start importing Assets/PolygonEaster/Models/SM_Easter_Egg_14.fbx using Guid(66e59815d8d6be147be656fd5e14f8ee) Importer(815301076,1909f56bfc062723c751e8b465ee728b)  -> (artifact id: '58c5959055cc1086d80ee647a8abe054') in 0.001213 seconds
Number of updated asset objects reloaded before import = 0
Number of asset objects unloaded after import = 7
========================================================================
Received Import Request.
  Time since last request: 0.000012 seconds.
  path: Assets/PolygonEaster/Models/SM_Easter_Egg_9.fbx
  artifactKey: Guid(883c2c3988947364d9bf769fed64d47c) Importer(815301076,1909f56bfc062723c751e8b465ee728b)
Start importing Assets/PolygonEaster/Models/SM_Easter_Egg_9.fbx using Guid(883c2c3988947364d9bf769fed64d47c) Importer(815301076,1909f56bfc062723c751e8b465ee728b)  -> (artifact id: 'e518702cea45d1309f0b76b72f88e416') in 0.001457 seconds
Number of updated asset objects reloaded before import = 0
Number of asset objects unloaded after import = 7
========================================================================
Received Import Request.
  Time since last request: 0.000012 seconds.
  path: Assets/PolygonEaster/Models/SM_Easter_Egg_4.fbx
  artifactKey: Guid(3566a02f4b2eb2a439032e6bf216361e) Importer(815301076,1909f56bfc062723c751e8b465ee728b)
Start importing Assets/PolygonEaster/Models/SM_Easter_Egg_4.fbx using Guid(3566a02f4b2eb2a439032e6bf216361e) Importer(815301076,1909f56bfc062723c751e8b465ee728b)  -> (artifact id: 'e7204bb3c164c3234f21afc51fc26f48') in 0.001376 seconds
Number of updated asset objects reloaded before import = 0
Number of asset objects unloaded after import = 7
========================================================================
Received Import Request.
  Time since last request: 0.000017 seconds.
  path: Assets/PolygonEaster/Models/SM_Easter_Egg_12.fbx
  artifactKey: Guid(8c1b300981e8eac43aa43bf439bf1e66) Importer(815301076,1909f56bfc062723c751e8b465ee728b)
Start importing Assets/PolygonEaster/Models/SM_Easter_Egg_12.fbx using Guid(8c1b300981e8eac43aa43bf439bf1e66) Importer(815301076,1909f56bfc062723c751e8b465ee728b)  -> (artifact id: '3fffa9db03b0c5dbf7736a10b1c2aa3e') in 0.001279 seconds
Number of updated asset objects reloaded before import = 0
Number of asset objects unloaded after import = 7
========================================================================
Received Import Request.
  Time since last request: 0.000023 seconds.
  path: Assets/PolygonEaster/Models/SM_Easter_Egg_3.fbx
  artifactKey: Guid(701574014f5951f48b3a23c8925d9fee) Importer(815301076,1909f56bfc062723c751e8b465ee728b)
Start importing Assets/PolygonEaster/Models/SM_Easter_Egg_3.fbx using Guid(701574014f5951f48b3a23c8925d9fee) Importer(815301076,1909f56bfc062723c751e8b465ee728b)  -> (artifact id: 'ab5bdd22c0a61e45f13ef546d50419c1') in 0.001069 seconds
Number of updated asset objects reloaded before import = 0
Number of asset objects unloaded after import = 7
========================================================================
Received Import Request.
  Time since last request: 0.000015 seconds.
  path: Assets/PolygonEaster/Models/SM_Easter_Egg_13.fbx
  artifactKey: Guid(6bd270e9e2dda6247ac09e2f6746dde1) Importer(815301076,1909f56bfc062723c751e8b465ee728b)
Start importing Assets/PolygonEaster/Models/SM_Easter_Egg_13.fbx using Guid(6bd270e9e2dda6247ac09e2f6746dde1) Importer(815301076,1909f56bfc062723c751e8b465ee728b)  -> (artifact id: 'aafe47337c71e3706339f3e35eb47a81') in 0.001069 seconds
Number of updated asset objects reloaded before import = 0
Number of asset objects unloaded after import = 7
Editor requested this worker to shutdown with reason: Scaling down because of idle timeout
TcpMessagingSession - receive error: operation aborted. errorcode: 995, details: The I/O operation has been aborted because of either a thread exit or an application request.
AssetImportWorker is now disconnected from the server
Process exiting
Exiting without the bug reporter. Application will terminate with return code 0